2023-Sep-19 19:52:42 Наличие необходимых модулей php (check_php_modules): Ok
Все необходимые модули установлены
2023-Sep-19 19:52:42 Обязательные параметры PHP (check_php_settings): Ok
Настройки правильные
2023-Sep-19 19:52:42 Модули веб-сервера (check_security): Ok
Конфликтов не выявлено
2023-Sep-19 19:52:42 Значения переменных сервера (check_server_vars): Ok
Корректные
2023-Sep-19 19:52:42 Сохранение сессии (check_session): Ok
50% done
2023-Sep-19 19:52:42 Сохранение сессии (check_session): Ok
Успешно
2023-Sep-19 19:52:42 Параметры настройки UTF (mbstring и константа BX_UTF) (check_mbstring): Ok
Правильные. Сайт работает в UTF кодировке
2023-Sep-19 19:52:42 Служебные скрипты в корне сайта (check_install_scripts): Ok
Отсутствуют
2023-Sep-19 19:52:42 Работа с сокетами (check_socket): Ok
Connection to elgrenka.beget.tech:80	Success

Успешно
2023-Sep-19 19:52:42 Выполнение агентов на cron (check_bx_crontab): Warning
Замечание. Агенты выполняются на хитах, рекомендуется перевести выполнение агентов на cron
2023-Sep-19 19:52:42 Параметры подключения к базе данных (check_dbconn_settings): Ok
Успешно
2023-Sep-19 19:52:42 Лишний вывод в файлах конфигурации (check_dbconn): Ok
Connection to elgrenka.beget.tech:80	Success

Успешно
2023-Sep-19 19:52:43 Сохранение сессии без UserAgent (check_session_ua): Ok
50% done
Connection to elgrenka.beget.tech:80	Success

2023-Sep-19 19:52:43 Сохранение сессии без UserAgent (check_session_ua): Ok
Connection to elgrenka.beget.tech:80	Success

Успешно
2023-Sep-19 19:52:43 Настройки сайтов (check_sites): Ok
Правильные
2023-Sep-19 19:52:43 Размер стека и pcre.recursion_limit (check_pcre_recursion): Ok
Connection to elgrenka.beget.tech:80	Success

Успешно
2023-Sep-19 19:52:43 Загрузка файла (check_upload): Ok
Connection to elgrenka.beget.tech:80	Success

Успешно
2023-Sep-19 19:52:43 Загрузка файла больше 4Мб (check_upload_big): Ok
Connection to elgrenka.beget.tech:80	Success

Успешно
2023-Sep-19 19:52:43 Загрузка файла через php://input (check_upload_raw): Ok
Connection to elgrenka.beget.tech:80	Success

Успешно
2023-Sep-19 19:52:43 Передача POST запроса с большим числом параметров (check_post): Ok
Connection to elgrenka.beget.tech:80	Success

Успешно
2023-Sep-19 19:52:43 Отправка почты (check_mail): Ok
Успешно
2023-Sep-19 19:52:43 Отправка почтового сообщения больше 64Кб (check_mail_big): Ok
Успешно
2023-Sep-19 19:52:43 Проверка на наличие неотправленных сообщений (check_mail_b_event): Ok
Успешно
2023-Sep-19 19:52:44 Внутреннее перенаправление (функция LocalRedirect) (check_localredirect): Ok
50% done
Connection to elgrenka.beget.tech:80	Success

2023-Sep-19 19:52:44 Внутреннее перенаправление (функция LocalRedirect) (check_localredirect): Ok
Connection to elgrenka.beget.tech:80	Success

Успешно
2023-Sep-19 19:52:44 Фактическое ограничение памяти (check_memory_limit): Ok
20% done
Connection to elgrenka.beget.tech:80	Success

2023-Sep-19 19:52:44 Фактическое ограничение памяти (check_memory_limit): Ok
40% done
Connection to elgrenka.beget.tech:80	Success

2023-Sep-19 19:52:45 Фактическое ограничение памяти (check_memory_limit): Ok
60% done
Connection to elgrenka.beget.tech:80	Success

2023-Sep-19 19:52:45 Фактическое ограничение памяти (check_memory_limit): Ok
80% done
Connection to elgrenka.beget.tech:80	Success

2023-Sep-19 19:52:45 Фактическое ограничение памяти (check_memory_limit): Ok
Connection to elgrenka.beget.tech:80	Success

Не менее 256 М
2023-Sep-19 19:52:45 Работа с файлами кеша (check_cache): Ok
Успешно
2023-Sep-19 19:52:45 Доступ к серверу обновлений (check_update): Ok
Успешно
2023-Sep-19 19:52:45 HTTP авторизация (check_http_auth): Ok
Connection to elgrenka.beget.tech:80	Success

Успешно
2023-Sep-19 19:52:46 Создание и запуск файла (check_exec): Ok
Connection to elgrenka.beget.tech:80	Success

Успешно
2023-Sep-19 19:52:46 Функция getimagesize для swf (check_getimagesize): Ok
Успешно
2023-Sep-19 19:52:46 Версия MySQL-сервера (check_mysql_bug_version): Ok
Успешно
2023-Sep-19 19:52:47 Время на БД и веб-сервере (check_mysql_time): Ok
Успешно
2023-Sep-19 19:52:47 Режим работы MySQL (check_mysql_mode): Ok
Успешно
2023-Sep-19 19:52:47 Кодировка соединения (check_mysql_connection_charset): Ok
character_set_connection=utf8, collation_connection=utf8_unicode_ci, character_set_results=utf8
Успешно
2023-Sep-19 19:52:47 Кодировка базы данных (check_mysql_db_charset): Ok
CHARSET=utf8, COLLATION=utf8_unicode_ci
Успешно
2023-Sep-19 19:52:47 Кодировки таблиц в БД (check_mysql_table_charset): Ok
Успешно
2023-Sep-19 19:52:48 Структура базы данных (check_mysql_table_structure): Ok
0% done
2023-Sep-19 19:52:48 Структура базы данных (check_mysql_table_structure): Ok
2% done
2023-Sep-19 19:52:48 Структура базы данных (check_mysql_table_structure): Ok
4% done
2023-Sep-19 19:52:48 Структура базы данных (check_mysql_table_structure): Ok
6% done
2023-Sep-19 19:52:48 Структура базы данных (check_mysql_table_structure): Ok
8% done
2023-Sep-19 19:52:49 Структура базы данных (check_mysql_table_structure): Ok
10% done
2023-Sep-19 19:52:49 Структура базы данных (check_mysql_table_structure): Ok
12% done
2023-Sep-19 19:52:49 Структура базы данных (check_mysql_table_structure): Ok
14% done
2023-Sep-19 19:52:50 Структура базы данных (check_mysql_table_structure): Ok
16% done
2023-Sep-19 19:52:50 Структура базы данных (check_mysql_table_structure): Ok
18% done
2023-Sep-19 19:52:50 Структура базы данных (check_mysql_table_structure): Ok
20% done
2023-Sep-19 19:52:51 Структура базы данных (check_mysql_table_structure): Ok
22% done
2023-Sep-19 19:52:52 Структура базы данных (check_mysql_table_structure): Ok
24% done
2023-Sep-19 19:52:53 Структура базы данных (check_mysql_table_structure): Ok
26% done
2023-Sep-19 19:52:53 Структура базы данных (check_mysql_table_structure): Ok
28% done
2023-Sep-19 19:52:54 Структура базы данных (check_mysql_table_structure): Ok
30% done
2023-Sep-19 19:52:54 Структура базы данных (check_mysql_table_structure): Ok
32% done
2023-Sep-19 19:52:54 Структура базы данных (check_mysql_table_structure): Ok
34% done
2023-Sep-19 19:52:55 Структура базы данных (check_mysql_table_structure): Ok
36% done
2023-Sep-19 19:52:55 Структура базы данных (check_mysql_table_structure): Ok
38% done
2023-Sep-19 19:52:55 Структура базы данных (check_mysql_table_structure): Ok
40% done
2023-Sep-19 19:52:56 Структура базы данных (check_mysql_table_structure): Ok
42% done
2023-Sep-19 19:52:56 Структура базы данных (check_mysql_table_structure): Ok
44% done
2023-Sep-19 19:52:56 Структура базы данных (check_mysql_table_structure): Ok
46% done
2023-Sep-19 19:52:57 Структура базы данных (check_mysql_table_structure): Ok
48% done
2023-Sep-19 19:52:58 Структура базы данных (check_mysql_table_structure): Ok
50% done
2023-Sep-19 19:52:58 Структура базы данных (check_mysql_table_structure): Ok
52% done
2023-Sep-19 19:52:58 Структура базы данных (check_mysql_table_structure): Ok
54% done
2023-Sep-19 19:52:58 Структура базы данных (check_mysql_table_structure): Ok
56% done
2023-Sep-19 19:52:58 Структура базы данных (check_mysql_table_structure): Ok
57% done
2023-Sep-19 19:52:59 Структура базы данных (check_mysql_table_structure): Ok
60% done
2023-Sep-19 19:52:59 Структура базы данных (check_mysql_table_structure): Ok
62% done
2023-Sep-19 19:52:59 Структура базы данных (check_mysql_table_structure): Ok
64% done
2023-Sep-19 19:52:59 Структура базы данных (check_mysql_table_structure): Ok
66% done
2023-Sep-19 19:53:00 Структура базы данных (check_mysql_table_structure): Ok
68% done
2023-Sep-19 19:53:00 Структура базы данных (check_mysql_table_structure): Ok
70% done
2023-Sep-19 19:53:01 Структура базы данных (check_mysql_table_structure): Ok
72% done
2023-Sep-19 19:53:03 Структура базы данных (check_mysql_table_structure): Ok
74% done
2023-Sep-19 19:53:04 Структура базы данных (check_mysql_table_structure): Ok
76% done
2023-Sep-19 19:53:05 Структура базы данных (check_mysql_table_structure): Ok
78% done
2023-Sep-19 19:53:05 Структура базы данных (check_mysql_table_structure): Ok
80% done
2023-Sep-19 19:53:05 Структура базы данных (check_mysql_table_structure): Ok
82% done
2023-Sep-19 19:53:05 Структура базы данных (check_mysql_table_structure): Ok
84% done
2023-Sep-19 19:53:05 Структура базы данных (check_mysql_table_structure): Ok
86% done
2023-Sep-19 19:53:06 Структура базы данных (check_mysql_table_structure): Ok
88% done
2023-Sep-19 19:53:06 Структура базы данных (check_mysql_table_structure): Ok
90% done
2023-Sep-19 19:53:06 Структура базы данных (check_mysql_table_structure): Ok
92% done
2023-Sep-19 19:53:11 Структура базы данных (check_mysql_table_structure): Ok
94% done
2023-Sep-19 19:53:12 Структура базы данных (check_mysql_table_structure): Ok
96% done
2023-Sep-19 19:53:12 Структура базы данных (check_mysql_table_structure): Ok
98% done
2023-Sep-19 19:53:12 Структура базы данных (check_mysql_table_structure): Ok
Успешно
